{"C:\\projects\\credit-clarity\\src\\utils\\ocr-parser.ts": {"path":"C:\\projects\\credit-clarity\\src\\utils\\ocr-parser.ts","statementMap":{"0":{"start":{"line":11,"column":0},"end":{"line":11,"column":16}},"1":{"start":{"line":1,"column":0},"end":{"line":1,"column":24}},"2":{"start":{"line":3,"column":13},"end":{"line":7,"column":3}},"3":{"start":{"line":13,"column":27},"end":{"line":20,"column":4}},"4":{"start":{"line":23,"column":30},"end":{"line":29,"column":4}},"5":{"start":{"line":31,"column":18},"end":{"line":31,"column":22}},"6":{"start":{"line":34,"column":2},"end":{"line":36,"column":3}},"7":{"start":{"line":35,"column":4},"end":{"line":35,"column":47}},"8":{"start":{"line":39,"column":2},"end":{"line":41,"column":3}},"9":{"start":{"line":40,"column":4},"end":{"line":40,"column":47}},"10":{"start":{"line":42,"column":2},"end":{"line":42,"column":55}},"11":{"start":{"line":43,"column":24},"end":{"line":43,"column":33}},"12":{"start":{"line":44,"column":2},"end":{"line":44,"column":65}},"13":{"start":{"line":46,"column":2},"end":{"line":49,"column":32}},"14":{"start":{"line":52,"column":17},"end":{"line":56,"column":2}},"15":{"start":{"line":58,"column":35},"end":{"line":98,"column":1}},"16":{"start":{"line":59,"column":16},"end":{"line":59,"column":35}},"17":{"start":{"line":60,"column":35},"end":{"line":60,"column":37}},"18":{"start":{"line":62,"column":2},"end":{"line":87,"column":3}},"19":{"start":{"line":63,"column":4},"end":{"line":86,"column":5}},"20":{"start":{"line":65,"column":6},"end":{"line":85,"column":7}},"21":{"start":{"line":66,"column":20},"end":{"line":66,"column":28}},"22":{"start":{"line":67,"column":24},"end":{"line":67,"column":51}},"23":{"start":{"line":68,"column":24},"end":{"line":68,"column":79}},"24":{"start":{"line":70,"column":45},"end":{"line":74,"column":10}},"25":{"start":{"line":75,"column":8},"end":{"line":75,"column":55}},"26":{"start":{"line":76,"column":8},"end":{"line":76,"column":63}},"27":{"start":{"line":77,"column":8},"end":{"line":77,"column":63}},"28":{"start":{"line":78,"column":8},"end":{"line":84,"column":9}},"29":{"start":{"line":79,"column":10},"end":{"line":79,"column":51}},"30":{"start":{"line":80,"column":10},"end":{"line":80,"column":38}},"31":{"start":{"line":82,"column":10},"end":{"line":82,"column":66}},"32":{"start":{"line":90,"column":17},"end":{"line":90,"column":49}},"33":{"start":{"line":91,"column":2},"end":{"line":95,"column":3}},"34":{"start":{"line":92,"column":4},"end":{"line":94,"column":5}},"35":{"start":{"line":93,"column":6},"end":{"line":93,"column":42}},"36":{"start":{"line":97,"column":2},"end":{"line":97,"column":37}},"37":{"start":{"line":58,"column":13},"end":{"line":58,"column":35}}},"fnMap":{"0":{"name":"sanitizeText","decl":{"start":{"line":11,"column":16},"end":{"line":11,"column":28}},"loc":{"start":{"line":11,"column":41},"end":{"line":50,"column":1}}},"1":{"name":"(anonymous_1)","decl":{"start":{"line":58,"column":35},"end":{"line":58,"column":36}},"loc":{"start":{"line":58,"column":69},"end":{"line":98,"column":1}}}},"branchMap":{"0":{"loc":{"start":{"line":67,"column":36},"end":{"line":67,"column":50}},"type":"binary-expr","locations":[{"start":{"line":67,"column":36},"end":{"line":67,"column":44}},{"start":{"line":67,"column":48},"end":{"line":67,"column":50}}]},"1":{"loc":{"start":{"line":92,"column":4},"end":{"line":94,"column":5}},"type":"if","locations":[{"start":{"line":92,"column":4},"end":{"line":94,"column":5}}]}},"s":{"0":1,"1":1,"2":1,"3":0,"4":0,"5":0,"6":0,"7":0,"8":0,"9":0,"10":0,"11":0,"12":0,"13":0,"14":1,"15":1,"16":3,"17":3,"18":3,"19":13,"20":39,"21":7,"22":7,"23":7,"24":7,"25":7,"26":7,"27":7,"28":7,"29":7,"30":7,"31":0,"32":3,"33":3,"34":7,"35":5,"36":3,"37":1},"f":{"0":0,"1":3},"b":{"0":[7,1],"1":[5]}}
,"C:\\projects\\credit-clarity\\src\\utils\\pdf-parser.ts": {"path":"C:\\projects\\credit-clarity\\src\\utils\\pdf-parser.ts","statementMap":{"0":{"start":{"line":4,"column":0},"end":{"line":4,"column":22}},"1":{"start":{"line":1,"column":0},"end":{"line":1,"column":25}},"2":{"start":{"line":2,"column":0},"end":{"line":2,"column":28}},"3":{"start":{"line":5,"column":4},"end":{"line":5,"column":70}},"4":{"start":{"line":6,"column":4},"end":{"line":6,"column":66}},"5":{"start":{"line":7,"column":21},"end":{"line":7,"column":38}},"6":{"start":{"line":9,"column":19},"end":{"line":12,"column":6}},"7":{"start":{"line":14,"column":26},"end":{"line":14,"column":61}},"8":{"start":{"line":16,"column":32},"end":{"line":68,"column":6}},"9":{"start":{"line":70,"column":4},"end":{"line":70,"column":80}},"10":{"start":{"line":71,"column":4},"end":{"line":71,"column":78}}},"fnMap":{"0":{"name":"parsePdfDocument","decl":{"start":{"line":4,"column":22},"end":{"line":4,"column":38}},"loc":{"start":{"line":4,"column":71},"end":{"line":72,"column":null}}}},"branchMap":{"0":{"loc":{"start":{"line":71,"column":22},"end":{"line":71,"column":76}},"type":"binary-expr","locations":[{"start":{"line":71,"column":22},"end":{"line":71,"column":68}},{"start":{"line":71,"column":72},"end":{"line":71,"column":76}}]}},"s":{"0":1,"1":1,"2":1,"3":0,"4":0,"5":0,"6":0,"7":0,"8":0,"9":0,"10":0},"f":{"0":0},"b":{"0":[0,0]}}
}
