{"/mnt/c/projects/credit-clarity/src/integrations/supabase/client.ts": {"path":"/mnt/c/projects/credit-clarity/src/integrations/supabase/client.ts","statementMap":{"0":{"start":{"line":2,"column":0},"end":{"line":2,"column":53}},"1":{"start":{"line":5,"column":21},"end":{"line":5,"column":63}},"2":{"start":{"line":6,"column":33},"end":{"line":6,"column":243}},"3":{"start":{"line":11,"column":13},"end":{"line":11,"column":87}}},"fnMap":{},"branchMap":{},"s":{"0":1,"1":1,"2":1,"3":1},"f":{},"b":{}}
,"/mnt/c/projects/credit-clarity/src/utils/ocr-parser.ts": {"path":"/mnt/c/projects/credit-clarity/src/utils/ocr-parser.ts","statementMap":{"0":{"start":{"line":11,"column":0},"end":{"line":11,"column":16}},"1":{"start":{"line":1,"column":0},"end":{"line":1,"column":24}},"2":{"start":{"line":3,"column":13},"end":{"line":7,"column":3}},"3":{"start":{"line":13,"column":27},"end":{"line":20,"column":4}},"4":{"start":{"line":23,"column":30},"end":{"line":29,"column":4}},"5":{"start":{"line":31,"column":18},"end":{"line":31,"column":22}},"6":{"start":{"line":34,"column":2},"end":{"line":36,"column":3}},"7":{"start":{"line":35,"column":4},"end":{"line":35,"column":47}},"8":{"start":{"line":39,"column":2},"end":{"line":41,"column":3}},"9":{"start":{"line":40,"column":4},"end":{"line":40,"column":47}},"10":{"start":{"line":43,"column":2},"end":{"line":46,"column":32}},"11":{"start":{"line":49,"column":17},"end":{"line":53,"column":2}},"12":{"start":{"line":55,"column":35},"end":{"line":92,"column":1}},"13":{"start":{"line":56,"column":16},"end":{"line":56,"column":35}},"14":{"start":{"line":57,"column":35},"end":{"line":57,"column":37}},"15":{"start":{"line":59,"column":2},"end":{"line":81,"column":3}},"16":{"start":{"line":60,"column":4},"end":{"line":80,"column":5}},"17":{"start":{"line":62,"column":6},"end":{"line":79,"column":7}},"18":{"start":{"line":63,"column":20},"end":{"line":63,"column":28}},"19":{"start":{"line":64,"column":24},"end":{"line":64,"column":51}},"20":{"start":{"line":65,"column":24},"end":{"line":65,"column":79}},"21":{"start":{"line":67,"column":45},"end":{"line":71,"column":10}},"22":{"start":{"line":72,"column":8},"end":{"line":78,"column":9}},"23":{"start":{"line":73,"column":10},"end":{"line":73,"column":51}},"24":{"start":{"line":74,"column":10},"end":{"line":74,"column":38}},"25":{"start":{"line":76,"column":10},"end":{"line":76,"column":66}},"26":{"start":{"line":84,"column":17},"end":{"line":84,"column":49}},"27":{"start":{"line":85,"column":2},"end":{"line":89,"column":3}},"28":{"start":{"line":86,"column":4},"end":{"line":88,"column":5}},"29":{"start":{"line":87,"column":6},"end":{"line":87,"column":42}},"30":{"start":{"line":91,"column":2},"end":{"line":91,"column":37}},"31":{"start":{"line":55,"column":13},"end":{"line":55,"column":35}}},"fnMap":{"0":{"name":"sanitizeText","decl":{"start":{"line":11,"column":16},"end":{"line":11,"column":28}},"loc":{"start":{"line":11,"column":41},"end":{"line":47,"column":1}}},"1":{"name":"(anonymous_1)","decl":{"start":{"line":55,"column":35},"end":{"line":55,"column":36}},"loc":{"start":{"line":55,"column":69},"end":{"line":92,"column":1}}}},"branchMap":{"0":{"loc":{"start":{"line":64,"column":36},"end":{"line":64,"column":50}},"type":"binary-expr","locations":[{"start":{"line":64,"column":36},"end":{"line":64,"column":44}},{"start":{"line":64,"column":48},"end":{"line":64,"column":50}}]},"1":{"loc":{"start":{"line":86,"column":4},"end":{"line":88,"column":5}},"type":"if","locations":[{"start":{"line":86,"column":4},"end":{"line":88,"column":5}}]}},"s":{"0":2,"1":2,"2":2,"3":7,"4":7,"5":7,"6":7,"7":42,"8":7,"9":35,"10":7,"11":2,"12":2,"13":3,"14":3,"15":3,"16":13,"17":39,"18":7,"19":7,"20":7,"21":7,"22":7,"23":7,"24":7,"25":0,"26":3,"27":3,"28":7,"29":5,"30":3,"31":2},"f":{"0":7,"1":3},"b":{"0":[7,1],"1":[5]}}
,"/mnt/c/projects/credit-clarity/src/utils/pdf-parser.ts": {"path":"/mnt/c/projects/credit-clarity/src/utils/pdf-parser.ts","statementMap":{"0":{"start":{"line":4,"column":0},"end":{"line":4,"column":22}},"1":{"start":{"line":1,"column":0},"end":{"line":1,"column":25}},"2":{"start":{"line":2,"column":0},"end":{"line":2,"column":28}},"3":{"start":{"line":5,"column":21},"end":{"line":5,"column":38}},"4":{"start":{"line":7,"column":19},"end":{"line":10,"column":6}},"5":{"start":{"line":12,"column":26},"end":{"line":12,"column":61}},"6":{"start":{"line":14,"column":32},"end":{"line":66,"column":6}},"7":{"start":{"line":68,"column":4},"end":{"line":68,"column":78}}},"fnMap":{"0":{"name":"parsePdfDocument","decl":{"start":{"line":4,"column":22},"end":{"line":4,"column":38}},"loc":{"start":{"line":4,"column":71},"end":{"line":69,"column":null}}}},"branchMap":{"0":{"loc":{"start":{"line":68,"column":22},"end":{"line":68,"column":76}},"type":"binary-expr","locations":[{"start":{"line":68,"column":22},"end":{"line":68,"column":68}},{"start":{"line":68,"column":72},"end":{"line":68,"column":76}}]}},"s":{"0":1,"1":1,"2":1,"3":0,"4":0,"5":0,"6":0,"7":0},"f":{"0":0},"b":{"0":[0,0]}}
,"/mnt/c/projects/credit-clarity/src/utils/tradelineParser.ts": {"path":"/mnt/c/projects/credit-clarity/src/utils/tradelineParser.ts","statementMap":{"0":{"start":{"line":118,"column":0},"end":{"line":118,"column":22}},"1":{"start":{"line":146,"column":0},"end":{"line":146,"column":22}},"2":{"start":{"line":1,"column":0},"end":{"line":1,"column":44}},"3":{"start":{"line":2,"column":0},"end":{"line":2,"column":58}},"4":{"start":{"line":3,"column":0},"end":{"line":3,"column":24}},"5":{"start":{"line":5,"column":13},"end":{"line":14,"column":3}},"6":{"start":{"line":38,"column":29},"end":{"line":43,"column":2}},"7":{"start":{"line":45,"column":23},"end":{"line":51,"column":2}},"8":{"start":{"line":53,"column":22},"end":{"line":53,"column":52}},"9":{"start":{"line":55,"column":39},"end":{"line":116,"column":1}},"10":{"start":{"line":56,"column":40},"end":{"line":56,"column":42}},"11":{"start":{"line":57,"column":24},"end":{"line":57,"column":42}},"12":{"start":{"line":60,"column":18},"end":{"line":60,"column":151}},"13":{"start":{"line":62,"column":2},"end":{"line":113,"column":3}},"14":{"start":{"line":63,"column":4},"end":{"line":63,"column":38}},"15":{"start":{"line":63,"column":29},"end":{"line":63,"column":38}},"16":{"start":{"line":66,"column":25},"end":{"line":66,"column":103}},"17":{"start":{"line":68,"column":24},"end":{"line":68,"column":29}},"18":{"start":{"line":69,"column":4},"end":{"line":75,"column":5}},"19":{"start":{"line":70,"column":20},"end":{"line":70,"column":38}},"20":{"start":{"line":71,"column":6},"end":{"line":74,"column":7}},"21":{"start":{"line":72,"column":8},"end":{"line":72,"column":59}},"22":{"start":{"line":73,"column":8},"end":{"line":73,"column":14}},"23":{"start":{"line":77,"column":25},"end":{"line":77,"column":34}},"24":{"start":{"line":81,"column":27},"end":{"line":81,"column":96}},"25":{"start":{"line":81,"column":78},"end":{"line":81,"column":95}},"26":{"start":{"line":82,"column":4},"end":{"line":84,"column":5}},"27":{"start":{"line":83,"column":6},"end":{"line":83,"column":33}},"28":{"start":{"line":87,"column":23},"end":{"line":87,"column":78}},"29":{"start":{"line":88,"column":4},"end":{"line":93,"column":5}},"30":{"start":{"line":89,"column":36},"end":{"line":89,"column":102}},"31":{"start":{"line":90,"column":6},"end":{"line":92,"column":7}},"32":{"start":{"line":91,"column":8},"end":{"line":91,"column":47}},"33":{"start":{"line":96,"column":25},"end":{"line":96,"column":73}},"34":{"start":{"line":97,"column":20},"end":{"line":97,"column":84}},"35":{"start":{"line":100,"column":28},"end":{"line":100,"column":80}},"36":{"start":{"line":101,"column":23},"end":{"line":101,"column":66}},"37":{"start":{"line":103,"column":4},"end":{"line":112,"column":7}},"38":{"start":{"line":115,"column":2},"end":{"line":115,"column":20}},"39":{"start":{"line":55,"column":13},"end":{"line":55,"column":39}},"40":{"start":{"line":119,"column":26},"end":{"line":122,"column":26}},"41":{"start":{"line":124,"column":2},"end":{"line":126,"column":3}},"42":{"start":{"line":125,"column":4},"end":{"line":125,"column":68}},"43":{"start":{"line":128,"column":2},"end":{"line":130,"column":3}},"44":{"start":{"line":129,"column":4},"end":{"line":129,"column":14}},"45":{"start":{"line":133,"column":2},"end":{"line":143,"column":6}},"46":{"start":{"line":133,"column":43},"end":{"line":143,"column":5}},"47":{"start":{"line":147,"column":2},"end":{"line":147,"column":38}},"48":{"start":{"line":147,"column":31},"end":{"line":147,"column":38}},"49":{"start":{"line":150,"column":35},"end":{"line":165,"column":5}},"50":{"start":{"line":150,"column":58},"end":{"line":165,"column":4}},"51":{"start":{"line":167,"column":20},"end":{"line":167,"column":110}},"52":{"start":{"line":169,"column":2},"end":{"line":171,"column":3}},"53":{"start":{"line":170,"column":4},"end":{"line":170,"column":67}}},"fnMap":{"0":{"name":"(anonymous_7)","decl":{"start":{"line":55,"column":39},"end":{"line":55,"column":40}},"loc":{"start":{"line":55,"column":75},"end":{"line":116,"column":1}}},"1":{"name":"(anonymous_8)","decl":{"start":{"line":81,"column":63},"end":{"line":81,"column":64}},"loc":{"start":{"line":81,"column":78},"end":{"line":81,"column":95}}},"2":{"name":"fetchUserTradelines","decl":{"start":{"line":118,"column":22},"end":{"line":118,"column":41}},"loc":{"start":{"line":118,"column":56},"end":{"line":144,"column":null}}},"3":{"name":"(anonymous_11)","decl":{"start":{"line":133,"column":18},"end":{"line":133,"column":19}},"loc":{"start":{"line":133,"column":42},"end":{"line":143,"column":5}}},"4":{"name":"saveTradelinesToDatabase","decl":{"start":{"line":146,"column":22},"end":{"line":146,"column":46}},"loc":{"start":{"line":146,"column":92},"end":{"line":172,"column":null}}},"5":{"name":"(anonymous_14)","decl":{"start":{"line":150,"column":50},"end":{"line":150,"column":51}},"loc":{"start":{"line":150,"column":58},"end":{"line":165,"column":4}}}},"branchMap":{"0":{"loc":{"start":{"line":63,"column":4},"end":{"line":63,"column":38}},"type":"if","locations":[{"start":{"line":63,"column":4},"end":{"line":63,"column":38}}]},"1":{"loc":{"start":{"line":66,"column":25},"end":{"line":66,"column":103}},"type":"binary-expr","locations":[{"start":{"line":66,"column":25},"end":{"line":66,"column":90}},{"start":{"line":66,"column":94},"end":{"line":66,"column":103}}]},"2":{"loc":{"start":{"line":66,"column":25},"end":{"line":66,"column":90}},"type":"cond-expr","locations":[{"start":{"line":66,"column":82},"end":{"line":66,"column":84}},{"start":{"line":66,"column":82},"end":{"line":66,"column":90}}]},"3":{"loc":{"start":{"line":66,"column":25},"end":{"line":66,"column":84}},"type":"binary-expr","locations":[{"start":{"line":66,"column":25},"end":{"line":66,"column":84}},{"start":{"line":66,"column":82},"end":{"line":66,"column":84}}]},"4":{"loc":{"start":{"line":66,"column":25},"end":{"line":66,"column":82}},"type":"cond-expr","locations":[{"start":{"line":66,"column":77},"end":{"line":66,"column":80}},{"start":{"line":66,"column":77},"end":{"line":66,"column":82}}]},"5":{"loc":{"start":{"line":66,"column":25},"end":{"line":66,"column":80}},"type":"binary-expr","locations":[{"start":{"line":66,"column":25},"end":{"line":66,"column":80}},{"start":{"line":66,"column":77},"end":{"line":66,"column":80}}]},"6":{"loc":{"start":{"line":71,"column":6},"end":{"line":74,"column":7}},"type":"if","locations":[{"start":{"line":71,"column":6},"end":{"line":74,"column":7}}]},"7":{"loc":{"start":{"line":71,"column":10},"end":{"line":71,"column":27}},"type":"binary-expr","locations":[{"start":{"line":71,"column":10},"end":{"line":71,"column":15}},{"start":{"line":71,"column":19},"end":{"line":71,"column":27}}]},"8":{"loc":{"start":{"line":82,"column":4},"end":{"line":84,"column":5}},"type":"if","locations":[{"start":{"line":82,"column":4},"end":{"line":84,"column":5}}]},"9":{"loc":{"start":{"line":87,"column":23},"end":{"line":87,"column":78}},"type":"binary-expr","locations":[{"start":{"line":87,"column":23},"end":{"line":87,"column":48}},{"start":{"line":87,"column":52},"end":{"line":87,"column":78}}]},"10":{"loc":{"start":{"line":88,"column":4},"end":{"line":93,"column":5}},"type":"if","locations":[{"start":{"line":88,"column":4},"end":{"line":93,"column":5}}]},"11":{"loc":{"start":{"line":89,"column":36},"end":{"line":89,"column":102}},"type":"binary-expr","locations":[{"start":{"line":89,"column":36},"end":{"line":89,"column":66}},{"start":{"line":89,"column":70},"end":{"line":89,"column":101}}]},"12":{"loc":{"start":{"line":89,"column":36},"end":{"line":89,"column":66}},"type":"cond-expr","locations":[{"start":{"line":89,"column":61},"end":{"line":89,"column":64}},{"start":{"line":89,"column":61},"end":{"line":89,"column":66}}]},"13":{"loc":{"start":{"line":89,"column":36},"end":{"line":89,"column":64}},"type":"binary-expr","locations":[{"start":{"line":89,"column":36},"end":{"line":89,"column":64}},{"start":{"line":89,"column":61},"end":{"line":89,"column":64}}]},"14":{"loc":{"start":{"line":89,"column":70},"end":{"line":89,"column":101}},"type":"cond-expr","locations":[{"start":{"line":89,"column":96},"end":{"line":89,"column":99}},{"start":{"line":89,"column":96},"end":{"line":89,"column":101}}]},"15":{"loc":{"start":{"line":89,"column":70},"end":{"line":89,"column":99}},"type":"binary-expr","locations":[{"start":{"line":89,"column":70},"end":{"line":89,"column":99}},{"start":{"line":89,"column":96},"end":{"line":89,"column":99}}]},"16":{"loc":{"start":{"line":90,"column":6},"end":{"line":92,"column":7}},"type":"if","locations":[{"start":{"line":90,"column":6},"end":{"line":92,"column":7}}]},"17":{"loc":{"start":{"line":97,"column":20},"end":{"line":97,"column":84}},"type":"cond-expr","locations":[{"start":{"line":97,"column":35},"end":{"line":97,"column":80}},{"start":{"line":97,"column":83},"end":{"line":97,"column":84}}]},"18":{"loc":{"start":{"line":101,"column":23},"end":{"line":101,"column":66}},"type":"cond-expr","locations":[{"start":{"line":101,"column":41},"end":{"line":101,"column":59}},{"start":{"line":101,"column":62},"end":{"line":101,"column":66}}]},"19":{"loc":{"start":{"line":124,"column":2},"end":{"line":126,"column":3}},"type":"if","locations":[{"start":{"line":124,"column":2},"end":{"line":126,"column":3}}]},"20":{"loc":{"start":{"line":128,"column":2},"end":{"line":130,"column":3}},"type":"if","locations":[{"start":{"line":128,"column":2},"end":{"line":130,"column":3}}]},"21":{"loc":{"start":{"line":138,"column":16},"end":{"line":138,"column":67}},"type":"cond-expr","locations":[{"start":{"line":138,"column":29},"end":{"line":138,"column":59}},{"start":{"line":138,"column":62},"end":{"line":138,"column":67}}]},"22":{"loc":{"start":{"line":139,"column":20},"end":{"line":139,"column":83}},"type":"cond-expr","locations":[{"start":{"line":139,"column":33},"end":{"line":139,"column":76}},{"start":{"line":139,"column":79},"end":{"line":139,"column":83}}]},"23":{"loc":{"start":{"line":139,"column":33},"end":{"line":139,"column":76}},"type":"binary-expr","locations":[{"start":{"line":139,"column":33},"end":{"line":139,"column":68}},{"start":{"line":139,"column":72},"end":{"line":139,"column":76}}]},"24":{"loc":{"start":{"line":139,"column":33},"end":{"line":139,"column":68}},"type":"cond-expr","locations":[{"start":{"line":139,"column":63},"end":{"line":139,"column":66}},{"start":{"line":139,"column":63},"end":{"line":139,"column":68}}]},"25":{"loc":{"start":{"line":139,"column":33},"end":{"line":139,"column":66}},"type":"binary-expr","locations":[{"start":{"line":139,"column":33},"end":{"line":139,"column":66}},{"start":{"line":139,"column":63},"end":{"line":139,"column":66}}]},"26":{"loc":{"start":{"line":147,"column":2},"end":{"line":147,"column":38}},"type":"if","locations":[{"start":{"line":147,"column":2},"end":{"line":147,"column":38}}]},"27":{"loc":{"start":{"line":169,"column":2},"end":{"line":171,"column":3}},"type":"if","locations":[{"start":{"line":169,"column":2},"end":{"line":171,"column":3}}]}},"s":{"0":1,"1":1,"2":1,"3":1,"4":1,"5":1,"6":1,"7":1,"8":1,"9":1,"10":7,"11":7,"12":7,"13":7,"14":8,"15":0,"16":8,"17":8,"18":8,"19":25,"20":25,"21":4,"22":4,"23":8,"24":8,"25":40,"26":8,"27":0,"28":8,"29":8,"30":2,"31":2,"32":2,"33":8,"34":8,"35":8,"36":8,"37":8,"38":7,"39":1,"40":0,"41":0,"42":0,"43":0,"44":0,"45":0,"46":0,"47":0,"48":0,"49":0,"50":0,"51":0,"52":0,"53":0},"f":{"0":7,"1":40,"2":0,"3":0,"4":0,"5":0},"b":{"0":[0],"1":[8,0],"2":[0,8],"3":[8,8],"4":[0,8],"5":[8,8],"6":[4],"7":[25,4],"8":[0],"9":[8,6],"10":[2],"11":[2,0],"12":[0,2],"13":[2,2],"14":[0,0],"15":[0,0],"16":[2],"17":[0,8],"18":[0,8],"19":[0],"20":[0],"21":[0,0],"22":[0,0],"23":[0,0],"24":[0,0],"25":[0,0],"26":[0],"27":[0]}}
}
