TN:
SF:src\utils\ocr-parser.ts
FN:11,sanitizeText
FN:58,(anonymous_1)
FNF:2
FNH:1
FNDA:0,sanitizeText
FNDA:3,(anonymous_1)
DA:1,1
DA:3,1
DA:11,1
DA:13,0
DA:23,0
DA:31,0
DA:34,0
DA:35,0
DA:39,0
DA:40,0
DA:42,0
DA:43,0
DA:44,0
DA:46,0
DA:52,1
DA:58,1
DA:59,3
DA:60,3
DA:62,3
DA:63,13
DA:65,39
DA:66,7
DA:67,7
DA:68,7
DA:70,7
DA:75,7
DA:76,7
DA:77,7
DA:78,7
DA:79,7
DA:80,7
DA:82,0
DA:90,3
DA:91,3
DA:92,7
DA:93,5
DA:97,3
LF:37
LH:25
BRDA:67,0,0,7
BRDA:67,0,1,1
BRDA:92,1,0,5
BRF:3
BRH:3
end_of_record
TN:
SF:src\utils\pdf-parser.ts
FN:4,parsePdfDocument
FNF:1
FNH:0
FNDA:0,parsePdfDocument
DA:1,1
DA:2,1
DA:4,1
DA:5,0
DA:6,0
DA:7,0
DA:9,0
DA:14,0
DA:16,0
DA:70,0
DA:71,0
LF:11
LH:3
BRDA:71,0,0,0
BRDA:71,0,1,0
BRF:2
BRH:0
end_of_record
