TN:
SF:src/integrations/supabase/client.ts
FNF:0
FNH:0
DA:2,1
DA:5,1
DA:6,1
DA:11,1
LF:4
LH:4
BRF:0
BRH:0
end_of_record
TN:
SF:src/utils/ocr-parser.ts
FN:11,sanitizeText
FN:55,(anonymous_1)
FNF:2
FNH:2
FNDA:7,sanitizeText
FNDA:3,(anonymous_1)
DA:1,2
DA:3,2
DA:11,2
DA:13,7
DA:23,7
DA:31,7
DA:34,7
DA:35,42
DA:39,7
DA:40,35
DA:43,7
DA:49,2
DA:55,2
DA:56,3
DA:57,3
DA:59,3
DA:60,13
DA:62,39
DA:63,7
DA:64,7
DA:65,7
DA:67,7
DA:72,7
DA:73,7
DA:74,7
DA:76,0
DA:84,3
DA:85,3
DA:86,7
DA:87,5
DA:91,3
LF:31
LH:30
BRDA:64,0,0,7
BRDA:64,0,1,1
BRDA:86,1,0,5
BRF:3
BRH:3
end_of_record
TN:
SF:src/utils/pdf-parser.ts
FN:4,parsePdfDocument
FNF:1
FNH:0
FNDA:0,parsePdfDocument
DA:1,1
DA:2,1
DA:4,1
DA:5,0
DA:7,0
DA:12,0
DA:14,0
DA:68,0
LF:8
LH:3
BRDA:68,0,0,0
BRDA:68,0,1,0
BRF:2
BRH:0
end_of_record
TN:
SF:src/utils/tradelineParser.ts
FN:55,(anonymous_7)
FN:81,(anonymous_8)
FN:118,fetchUserTradelines
FN:133,(anonymous_11)
FN:146,saveTradelinesToDatabase
FN:150,(anonymous_14)
FNF:6
FNH:2
FNDA:7,(anonymous_7)
FNDA:40,(anonymous_8)
FNDA:0,fetchUserTradelines
FNDA:0,(anonymous_11)
FNDA:0,saveTradelinesToDatabase
FNDA:0,(anonymous_14)
DA:1,1
DA:2,1
DA:3,1
DA:5,1
DA:38,1
DA:45,1
DA:53,1
DA:55,1
DA:56,7
DA:57,7
DA:60,7
DA:62,7
DA:63,8
DA:66,8
DA:68,8
DA:69,8
DA:70,25
DA:71,25
DA:72,4
DA:73,4
DA:77,8
DA:81,40
DA:82,8
DA:83,0
DA:87,8
DA:88,8
DA:89,2
DA:90,2
DA:91,2
DA:96,8
DA:97,8
DA:100,8
DA:101,8
DA:103,8
DA:115,7
DA:118,1
DA:119,0
DA:124,0
DA:125,0
DA:128,0
DA:129,0
DA:133,0
DA:146,1
DA:147,0
DA:150,0
DA:167,0
DA:169,0
DA:170,0
LF:48
LH:36
BRDA:63,0,0,0
BRDA:66,1,0,8
BRDA:66,1,1,0
BRDA:66,2,0,0
BRDA:66,2,1,8
BRDA:66,3,0,8
BRDA:66,3,1,8
BRDA:66,4,0,0
BRDA:66,4,1,8
BRDA:66,5,0,8
BRDA:66,5,1,8
BRDA:71,6,0,4
BRDA:71,7,0,25
BRDA:71,7,1,4
BRDA:82,8,0,0
BRDA:87,9,0,8
BRDA:87,9,1,6
BRDA:88,10,0,2
BRDA:89,11,0,2
BRDA:89,11,1,0
BRDA:89,12,0,0
BRDA:89,12,1,2
BRDA:89,13,0,2
BRDA:89,13,1,2
BRDA:89,14,0,0
BRDA:89,14,1,0
BRDA:89,15,0,0
BRDA:89,15,1,0
BRDA:90,16,0,2
BRDA:97,17,0,0
BRDA:97,17,1,8
BRDA:101,18,0,0
BRDA:101,18,1,8
BRDA:124,19,0,0
BRDA:128,20,0,0
BRDA:138,21,0,0
BRDA:138,21,1,0
BRDA:139,22,0,0
BRDA:139,22,1,0
BRDA:139,23,0,0
BRDA:139,23,1,0
BRDA:139,24,0,0
BRDA:139,24,1,0
BRDA:139,25,0,0
BRDA:139,25,1,0
BRDA:147,26,0,0
BRDA:169,27,0,0
BRF:47
BRH:20
end_of_record
